17:08:09 INFO  : Registering command handlers for SDK TCF services
17:08:10 INFO  : Launching XSCT server: xsct.bat -interactive C:\work\iris4\athena\eyescan_sdk\temp_xsdb_launch_script.tcl
17:08:12 INFO  : XSCT server has started successfully.
17:08:12 INFO  : Successfully done setting XSCT server connection channel  
17:08:12 INFO  : Successfully done setting SDK workspace  
17:10:46 INFO  : Registering command handlers for SDK TCF services
17:10:46 INFO  : Launching XSCT server: xsct.bat -interactive C:\work\iris4\athena\eyescan_sdk\temp_xsdb_launch_script.tcl
17:10:48 INFO  : XSCT server has started successfully.
17:10:48 INFO  : Successfully done setting XSCT server connection channel  
17:10:49 INFO  : Successfully done setting SDK workspace  
17:15:47 INFO  : Created Hardware Project athena_hw_platform_0 for C:\work\iris4\athena\eyescan_sdk\athena.hdf
17:22:29 INFO  : Refreshed build settings on project eyescan_software
10:34:33 INFO  : Refreshed build settings on project eyescan_software
10:52:35 INFO  : Connected to target on host '127.0.0.1' and port '3121'.
10:53:17 INFO  : Connected to target on host '127.0.0.1' and port '3121'.
10:53:35 ERROR : Could not retrieve Flash Part information. Could not find FPGA device on the board for connection 'Local'.


Troubleshooting hints:
1. Check whether board is connected to system properly.
1. In case of zynq board, check whether Digilent/Xilinx cable switch settings are correct.
1. If you are using Xilinx Platform Cable USB, ensure that status LED is green.
10:53:48 INFO  : Connected to target on host '127.0.0.1' and port '3121'.
10:54:06 ERROR : Could not retrieve Flash Part information. Could not find FPGA device on the board for connection 'Local'.


Troubleshooting hints:
1. Check whether board is connected to system properly.
1. In case of zynq board, check whether Digilent/Xilinx cable switch settings are correct.
1. If you are using Xilinx Platform Cable USB, ensure that status LED is green.
13:46:09 INFO  : Connected to target on host '127.0.0.1' and port '3121'.
